00:00:00.727466 VirtualBox GUI VM Selector Window 6.1.14 r140239 linux.amd64 (Sep  7 2020 21:01:30) release log
00:00:00.727468 Log opened 2020-09-13T09:11:02.026216000Z
00:00:00.727469 Build Type: release
00:00:00.727472 OS Product: Linux
00:00:00.727473 OS Release: 5.8.6-1-MANJARO
00:00:00.727474 OS Version: #1 SMP PREEMPT Thu Sep 3 14:19:36 UTC 2020
00:00:00.727509 DMI Product Name: ZenBook UX431DA_UM431DA
00:00:00.727517 DMI Product Version: 1.0
00:00:00.727523 Firmware type: UEFI
00:00:00.728217 Secure Boot: Disabled
00:00:00.728269 Host RAM: 5940MB (5.8GB) total, 4950MB (4.8GB) available
00:00:00.728272 Executable: /usr/lib/virtualbox/VirtualBox
00:00:00.728273 Process ID: 4140
00:00:00.728273 Package type: LINUX_64BITS_GENERIC (OSE)
00:00:00.728311 Qt version: 5.15.0
00:00:00.756064 GUI: UIMediumEnumerator: Medium-enumeration started...
00:00:01.340069 GUI: UIDesktopWidgetWatchdog::sltHandleHostScreenAvailableGeometryCalculated: Screen 0 work area is actually resized to: 0x28 x 1920x1052
00:00:01.364517 GUI: UIMediumEnumerator: Medium-enumeration finished!
00:00:27.475380 GUI: UIMediumEnumerator: Medium-enumeration finished!
00:04:22.717915 GUI: UIMediumEnumerator: Medium-enumeration finished!
00:10:43.804723 GUI: UIMediumEnumerator: Medium-enumeration finished!
00:40:28.177256 GUI: UIMediumEnumerator: Medium-enumeration finished!
